2013/10/30 07:52:17 [info] [ext.yii-mail.YiiMail] Sending email to levlumino@gmail.com
Content-Transfer-Encoding: quoted-printable
Content-Type: text/html; charset=utf-8
MIME-Version: 1.0
Date: Wed, 30 Oct 2013 07:52:17 +0100
Message-ID: <1383115937.5270aca10f2c9@localhost>
From: tandhy@bu.edu
Subject: Your Registration to Mobile Security Lab of BU has been approved.
To: levlumino@gmail.com


			Hi Lev, thank you for register in Mobile Security Lab Research, Boston University Metropolitan College. Your request<br>
			has been approved by Administrator and you may log in with using the following information :<br>
			Email       : levlumino@gmail.com<br>
			<br>
			Please make sure that you keep your password safe.<br>
			<br>
			If you have any question, please do not hesitate to contact our Administrator.<br>
			<br>
			Thank you,<br>
			Mobile Security Lab Administrator<br>
			Department of Computer Science<br>
			Boston University Metropolitan College<br>
			<br>
			<br>
			<br>
			------<br>
			This email is auto-generated, please do not reply to this email.<br>
			
		
in /Applications/MAMP/htdocs/mobilesec/protected/extensions/yii-mail/YiiMail.php (193)
in /Applications/MAMP/htdocs/mobilesec/protected/extensions/yii-mail/YiiMail.php (131)
in /Applications/MAMP/htdocs/mobilesec/protected/models/Login.php (262)
2013/10/30 07:55:46 [vardump] [index.php] guest
in /Applications/MAMP/htdocs/mobilesec/protected/views/site/index.php (9)
in /Applications/MAMP/htdocs/mobilesec/protected/controllers/SiteController.php (114)
in /Applications/MAMP/htdocs/mobilesec/index.php (13)
2013/10/30 07:55:50 [vardump] [index.php] guest
in /Applications/MAMP/htdocs/mobilesec/protected/views/site/index.php (9)
in /Applications/MAMP/htdocs/mobilesec/protected/controllers/SiteController.php (114)
in /Applications/MAMP/htdocs/mobilesec/index.php (13)
2013/10/30 07:55:51 [vardump] [LoginForm] authenticate function start | administrator / administrator.123
in /Applications/MAMP/htdocs/mobilesec/protected/models/LoginForm.php (52)
in /Applications/MAMP/htdocs/mobilesec/protected/controllers/SiteController.php (81)
in /Applications/MAMP/htdocs/mobilesec/index.php (13)
2013/10/30 07:55:51 [vardump] [UserIdentity] authenticate started
in /Applications/MAMP/htdocs/mobilesec/protected/components/UserIdentity.php (42)
in /Applications/MAMP/htdocs/mobilesec/protected/models/LoginForm.php (59)
in /Applications/MAMP/htdocs/mobilesec/protected/controllers/SiteController.php (81)
2013/10/30 07:55:51 [vardump] [UserIdentity] login success
in /Applications/MAMP/htdocs/mobilesec/protected/components/UserIdentity.php (72)
in /Applications/MAMP/htdocs/mobilesec/protected/models/LoginForm.php (59)
in /Applications/MAMP/htdocs/mobilesec/protected/controllers/SiteController.php (81)
2013/10/30 07:55:51 [vardump] [LoginForm] this->_identity->errorCode = 0
in /Applications/MAMP/htdocs/mobilesec/protected/models/LoginForm.php (72)
in /Applications/MAMP/htdocs/mobilesec/protected/controllers/SiteController.php (81)
in /Applications/MAMP/htdocs/mobilesec/index.php (13)
2013/10/30 07:55:51 [vardump] [UserIdentity] authenticate started
in /Applications/MAMP/htdocs/mobilesec/protected/components/UserIdentity.php (42)
in /Applications/MAMP/htdocs/mobilesec/protected/controllers/SiteController.php (86)
in /Applications/MAMP/htdocs/mobilesec/index.php (13)
2013/10/30 07:55:51 [vardump] [UserIdentity] login success
in /Applications/MAMP/htdocs/mobilesec/protected/components/UserIdentity.php (72)
in /Applications/MAMP/htdocs/mobilesec/protected/controllers/SiteController.php (86)
in /Applications/MAMP/htdocs/mobilesec/index.php (13)
2013/10/30 07:55:51 [vardump] [index.php] admin
in /Applications/MAMP/htdocs/mobilesec/protected/views/site/index.php (9)
in /Applications/MAMP/htdocs/mobilesec/protected/controllers/SiteController.php (114)
in /Applications/MAMP/htdocs/mobilesec/index.php (13)
2013/10/30 07:56:04 [info] [ext.yii-mail.YiiMail] Sending email to tandhy.bintang@gmail.com
Content-Transfer-Encoding: quoted-printable
Content-Type: text/html; charset=utf-8
MIME-Version: 1.0
Date: Wed, 30 Oct 2013 07:56:04 +0100
Message-ID: <1383116164.5270ad84d8053@localhost>
From: tandhy@bu.edu
Subject: Your Registration to Mobile Security Lab of BU has been approved.
To: tandhy.bintang@gmail.com


			Hi Tandhy, thank you for register in Mobile Security Lab Research, Boston University Metropolitan College. Your request<br>
			has been approved by Administrator and you may log in with using the following information :<br>
			Email       : tandhy.bintang@gmail.com<br>
			<br>
			Please make sure that you keep your password safe.<br>
			<br>
			If you have any question, please do not hesitate to contact our Administrator.<br>
			<br>
			Thank you,<br>
			Mobile Security Lab Administrator<br>
			Department of Computer Science<br>
			Boston University Metropolitan College<br>
			<br>
			<br>
			<br>
			------<br>
			This email is auto-generated, please do not reply to this email.<br>
			
		
in /Applications/MAMP/htdocs/mobilesec/protected/extensions/yii-mail/YiiMail.php (193)
in /Applications/MAMP/htdocs/mobilesec/protected/extensions/yii-mail/YiiMail.php (131)
in /Applications/MAMP/htdocs/mobilesec/protected/models/Login.php (262)
2013/10/30 07:56:09 [vardump] [index.php] guest
in /Applications/MAMP/htdocs/mobilesec/protected/views/site/index.php (9)
in /Applications/MAMP/htdocs/mobilesec/protected/controllers/SiteController.php (114)
in /Applications/MAMP/htdocs/mobilesec/index.php (13)
2013/10/30 07:56:13 [vardump] [LoginForm] authenticate function start | tandhy.bintang@gmail.com / tandhy
in /Applications/MAMP/htdocs/mobilesec/protected/models/LoginForm.php (52)
in /Applications/MAMP/htdocs/mobilesec/protected/controllers/SiteController.php (81)
in /Applications/MAMP/htdocs/mobilesec/index.php (13)
2013/10/30 07:56:13 [vardump] [UserIdentity] authenticate started
in /Applications/MAMP/htdocs/mobilesec/protected/components/UserIdentity.php (42)
in /Applications/MAMP/htdocs/mobilesec/protected/models/LoginForm.php (59)
in /Applications/MAMP/htdocs/mobilesec/protected/controllers/SiteController.php (81)
2013/10/30 07:56:13 [vardump] [UserIdentity] ERROR_PASSWORD_INVALID
in /Applications/MAMP/htdocs/mobilesec/protected/components/UserIdentity.php (53)
in /Applications/MAMP/htdocs/mobilesec/protected/models/LoginForm.php (59)
in /Applications/MAMP/htdocs/mobilesec/protected/controllers/SiteController.php (81)
2013/10/30 07:56:13 [vardump] [LoginForm] this->_identity->errorCode = 2
in /Applications/MAMP/htdocs/mobilesec/protected/models/LoginForm.php (72)
in /Applications/MAMP/htdocs/mobilesec/protected/controllers/SiteController.php (81)
in /Applications/MAMP/htdocs/mobilesec/index.php (13)
2013/10/30 07:56:13 [vardump] [index.php] guest
in /Applications/MAMP/htdocs/mobilesec/protected/views/site/index.php (9)
in /Applications/MAMP/htdocs/mobilesec/protected/controllers/SiteController.php (114)
in /Applications/MAMP/htdocs/mobilesec/index.php (13)
2013/10/30 07:57:22 [vardump] [LoginForm] authenticate function start | tandhy.bintang@gmail.com / tandhy
in /Applications/MAMP/htdocs/mobilesec/protected/models/LoginForm.php (52)
in /Applications/MAMP/htdocs/mobilesec/protected/controllers/SiteController.php (81)
in /Applications/MAMP/htdocs/mobilesec/index.php (13)
2013/10/30 07:57:22 [vardump] [UserIdentity] authenticate started
in /Applications/MAMP/htdocs/mobilesec/protected/components/UserIdentity.php (42)
in /Applications/MAMP/htdocs/mobilesec/protected/models/LoginForm.php (59)
in /Applications/MAMP/htdocs/mobilesec/protected/controllers/SiteController.php (81)
2013/10/30 07:57:22 [vardump] [UserIdentity] login success
in /Applications/MAMP/htdocs/mobilesec/protected/components/UserIdentity.php (72)
in /Applications/MAMP/htdocs/mobilesec/protected/models/LoginForm.php (59)
in /Applications/MAMP/htdocs/mobilesec/protected/controllers/SiteController.php (81)
2013/10/30 07:57:22 [vardump] [LoginForm] this->_identity->errorCode = 0
in /Applications/MAMP/htdocs/mobilesec/protected/models/LoginForm.php (72)
in /Applications/MAMP/htdocs/mobilesec/protected/controllers/SiteController.php (81)
in /Applications/MAMP/htdocs/mobilesec/index.php (13)
2013/10/30 07:57:22 [vardump] [UserIdentity] authenticate started
in /Applications/MAMP/htdocs/mobilesec/protected/components/UserIdentity.php (42)
in /Applications/MAMP/htdocs/mobilesec/protected/controllers/SiteController.php (86)
in /Applications/MAMP/htdocs/mobilesec/index.php (13)
2013/10/30 07:57:22 [vardump] [UserIdentity] login success
in /Applications/MAMP/htdocs/mobilesec/protected/components/UserIdentity.php (72)
in /Applications/MAMP/htdocs/mobilesec/protected/controllers/SiteController.php (86)
in /Applications/MAMP/htdocs/mobilesec/index.php (13)
2013/10/30 07:57:22 [vardump] [index.php] user
in /Applications/MAMP/htdocs/mobilesec/protected/views/site/index.php (9)
in /Applications/MAMP/htdocs/mobilesec/protected/controllers/SiteController.php (114)
in /Applications/MAMP/htdocs/mobilesec/index.php (13)
2013/10/30 07:58:43 [vardump] [index.php] user
in /Applications/MAMP/htdocs/mobilesec/protected/views/site/index.php (9)
in /Applications/MAMP/htdocs/mobilesec/protected/controllers/SiteController.php (115)
in /Applications/MAMP/htdocs/mobilesec/index.php (13)
2013/10/30 08:03:11 [vardump] [index.php] guest
in /Applications/MAMP/htdocs/mobilesec/protected/views/site/index.php (9)
in /Applications/MAMP/htdocs/mobilesec/protected/controllers/SiteController.php (115)
in /Applications/MAMP/htdocs/mobilesec/index.php (13)
2013/10/30 08:03:18 [vardump] [index.php] guest
in /Applications/MAMP/htdocs/mobilesec/protected/views/site/index.php (9)
in /Applications/MAMP/htdocs/mobilesec/protected/controllers/SiteController.php (115)
in /Applications/MAMP/htdocs/mobilesec/index.php (13)
2013/10/30 08:03:18 [vardump] [LoginForm] authenticate function start | administrator / administrator.123
in /Applications/MAMP/htdocs/mobilesec/protected/models/LoginForm.php (52)
in /Applications/MAMP/htdocs/mobilesec/protected/controllers/SiteController.php (82)
in /Applications/MAMP/htdocs/mobilesec/index.php (13)
2013/10/30 08:03:18 [vardump] [UserIdentity] authenticate started
in /Applications/MAMP/htdocs/mobilesec/protected/components/UserIdentity.php (42)
in /Applications/MAMP/htdocs/mobilesec/protected/models/LoginForm.php (59)
in /Applications/MAMP/htdocs/mobilesec/protected/controllers/SiteController.php (82)
2013/10/30 08:03:18 [vardump] [UserIdentity] login success
in /Applications/MAMP/htdocs/mobilesec/protected/components/UserIdentity.php (72)
in /Applications/MAMP/htdocs/mobilesec/protected/models/LoginForm.php (59)
in /Applications/MAMP/htdocs/mobilesec/protected/controllers/SiteController.php (82)
2013/10/30 08:03:18 [vardump] [LoginForm] this->_identity->errorCode = 0
in /Applications/MAMP/htdocs/mobilesec/protected/models/LoginForm.php (72)
in /Applications/MAMP/htdocs/mobilesec/protected/controllers/SiteController.php (82)
in /Applications/MAMP/htdocs/mobilesec/index.php (13)
2013/10/30 08:03:18 [vardump] [UserIdentity] authenticate started
in /Applications/MAMP/htdocs/mobilesec/protected/components/UserIdentity.php (42)
in /Applications/MAMP/htdocs/mobilesec/protected/controllers/SiteController.php (87)
in /Applications/MAMP/htdocs/mobilesec/index.php (13)
2013/10/30 08:03:18 [vardump] [UserIdentity] login success
in /Applications/MAMP/htdocs/mobilesec/protected/components/UserIdentity.php (72)
in /Applications/MAMP/htdocs/mobilesec/protected/controllers/SiteController.php (87)
in /Applications/MAMP/htdocs/mobilesec/index.php (13)
2013/10/30 08:03:18 [vardump] [index.php] admin
in /Applications/MAMP/htdocs/mobilesec/protected/views/site/index.php (9)
in /Applications/MAMP/htdocs/mobilesec/protected/controllers/SiteController.php (115)
in /Applications/MAMP/htdocs/mobilesec/index.php (13)
2013/11/01 04:35:30 [vardump] [index.php] guest
in /Applications/MAMP/htdocs/mobilesec/protected/views/site/index.php (9)
in /Applications/MAMP/htdocs/mobilesec/protected/controllers/SiteController.php (115)
in /Applications/MAMP/htdocs/mobilesec/index.php (13)
2013/11/01 04:38:08 [vardump] [index.php] guest
in /Applications/MAMP/htdocs/mobilesec/protected/views/site/index.php (9)
in /Applications/MAMP/htdocs/mobilesec/protected/controllers/SiteController.php (115)
in /Applications/MAMP/htdocs/mobilesec/index.php (13)
2013/11/01 04:38:08 [vardump] [LoginForm] authenticate function start | administrator / administrator.123
in /Applications/MAMP/htdocs/mobilesec/protected/models/LoginForm.php (52)
in /Applications/MAMP/htdocs/mobilesec/protected/controllers/SiteController.php (82)
in /Applications/MAMP/htdocs/mobilesec/index.php (13)
2013/11/01 04:38:09 [vardump] [UserIdentity] authenticate started
in /Applications/MAMP/htdocs/mobilesec/protected/components/UserIdentity.php (42)
in /Applications/MAMP/htdocs/mobilesec/protected/models/LoginForm.php (59)
in /Applications/MAMP/htdocs/mobilesec/protected/controllers/SiteController.php (82)
2013/11/01 04:38:09 [vardump] [UserIdentity] login success
in /Applications/MAMP/htdocs/mobilesec/protected/components/UserIdentity.php (72)
in /Applications/MAMP/htdocs/mobilesec/protected/models/LoginForm.php (59)
in /Applications/MAMP/htdocs/mobilesec/protected/controllers/SiteController.php (82)
2013/11/01 04:38:09 [vardump] [LoginForm] this->_identity->errorCode = 0
in /Applications/MAMP/htdocs/mobilesec/protected/models/LoginForm.php (72)
in /Applications/MAMP/htdocs/mobilesec/protected/controllers/SiteController.php (82)
in /Applications/MAMP/htdocs/mobilesec/index.php (13)
2013/11/01 04:38:09 [vardump] [UserIdentity] authenticate started
in /Applications/MAMP/htdocs/mobilesec/protected/components/UserIdentity.php (42)
in /Applications/MAMP/htdocs/mobilesec/protected/controllers/SiteController.php (87)
in /Applications/MAMP/htdocs/mobilesec/index.php (13)
2013/11/01 04:38:09 [vardump] [UserIdentity] login success
in /Applications/MAMP/htdocs/mobilesec/protected/components/UserIdentity.php (72)
in /Applications/MAMP/htdocs/mobilesec/protected/controllers/SiteController.php (87)
in /Applications/MAMP/htdocs/mobilesec/index.php (13)
2013/11/01 04:38:09 [vardump] [index.php] admin
in /Applications/MAMP/htdocs/mobilesec/protected/views/site/index.php (9)
in /Applications/MAMP/htdocs/mobilesec/protected/controllers/SiteController.php (115)
in /Applications/MAMP/htdocs/mobilesec/index.php (13)
2013/11/01 04:41:55 [vardump] [index.php] admin
in /Applications/MAMP/htdocs/mobilesec/protected/views/site/index.php (9)
in /Applications/MAMP/htdocs/mobilesec/protected/controllers/SiteController.php (115)
in /Applications/MAMP/htdocs/mobilesec/index.php (13)
2013/11/01 04:45:57 [vardump] [index.php] admin
in /Applications/MAMP/htdocs/mobilesec/protected/views/site/index.php (9)
in /Applications/MAMP/htdocs/mobilesec/protected/controllers/SiteController.php (115)
in /Applications/MAMP/htdocs/mobilesec/index.php (13)
2013/11/01 04:47:44 [vardump] [index.php] admin
in /Applications/MAMP/htdocs/mobilesec/protected/views/site/index.php (9)
in /Applications/MAMP/htdocs/mobilesec/protected/controllers/SiteController.php (115)
in /Applications/MAMP/htdocs/mobilesec/index.php (13)
2013/11/01 04:48:11 [vardump] [index.php] admin
in /Applications/MAMP/htdocs/mobilesec/protected/views/site/index.php (9)
in /Applications/MAMP/htdocs/mobilesec/protected/controllers/SiteController.php (115)
in /Applications/MAMP/htdocs/mobilesec/index.php (13)
2013/11/01 04:49:35 [vardump] [index.php] guest
in /Applications/MAMP/htdocs/mobilesec/protected/views/site/index.php (9)
in /Applications/MAMP/htdocs/mobilesec/protected/controllers/SiteController.php (115)
in /Applications/MAMP/htdocs/mobilesec/index.php (13)
2013/11/01 04:49:37 [vardump] [index.php] guest
in /Applications/MAMP/htdocs/mobilesec/protected/views/site/index.php (9)
in /Applications/MAMP/htdocs/mobilesec/protected/controllers/SiteController.php (115)
in /Applications/MAMP/htdocs/mobilesec/index.php (13)
2013/11/01 04:49:42 [vardump] [index.php] guest
in /Applications/MAMP/htdocs/mobilesec/protected/views/site/index.php (9)
in /Applications/MAMP/htdocs/mobilesec/protected/controllers/SiteController.php (115)
in /Applications/MAMP/htdocs/mobilesec/index.php (13)
2013/11/01 04:49:42 [vardump] [LoginForm] authenticate function start | administrator / administrator.123
in /Applications/MAMP/htdocs/mobilesec/protected/models/LoginForm.php (52)
in /Applications/MAMP/htdocs/mobilesec/protected/controllers/SiteController.php (82)
in /Applications/MAMP/htdocs/mobilesec/index.php (13)
2013/11/01 04:49:42 [vardump] [UserIdentity] authenticate started
in /Applications/MAMP/htdocs/mobilesec/protected/components/UserIdentity.php (42)
in /Applications/MAMP/htdocs/mobilesec/protected/models/LoginForm.php (59)
in /Applications/MAMP/htdocs/mobilesec/protected/controllers/SiteController.php (82)
2013/11/01 04:49:42 [vardump] [UserIdentity] login success
in /Applications/MAMP/htdocs/mobilesec/protected/components/UserIdentity.php (72)
in /Applications/MAMP/htdocs/mobilesec/protected/models/LoginForm.php (59)
in /Applications/MAMP/htdocs/mobilesec/protected/controllers/SiteController.php (82)
2013/11/01 04:49:42 [vardump] [LoginForm] this->_identity->errorCode = 0
in /Applications/MAMP/htdocs/mobilesec/protected/models/LoginForm.php (72)
in /Applications/MAMP/htdocs/mobilesec/protected/controllers/SiteController.php (82)
in /Applications/MAMP/htdocs/mobilesec/index.php (13)
2013/11/01 04:49:42 [vardump] [UserIdentity] authenticate started
in /Applications/MAMP/htdocs/mobilesec/protected/components/UserIdentity.php (42)
in /Applications/MAMP/htdocs/mobilesec/protected/controllers/SiteController.php (87)
in /Applications/MAMP/htdocs/mobilesec/index.php (13)
2013/11/01 04:49:42 [vardump] [UserIdentity] login success
in /Applications/MAMP/htdocs/mobilesec/protected/components/UserIdentity.php (72)
in /Applications/MAMP/htdocs/mobilesec/protected/controllers/SiteController.php (87)
in /Applications/MAMP/htdocs/mobilesec/index.php (13)
2013/11/01 04:49:42 [vardump] [index.php] admin
in /Applications/MAMP/htdocs/mobilesec/protected/views/site/index.php (9)
in /Applications/MAMP/htdocs/mobilesec/protected/controllers/SiteController.php (115)
in /Applications/MAMP/htdocs/mobilesec/index.php (13)
2013/11/01 04:50:58 [vardump] [index.php] guest
in /Applications/MAMP/htdocs/mobilesec/protected/views/site/index.php (9)
in /Applications/MAMP/htdocs/mobilesec/protected/controllers/SiteController.php (115)
in /Applications/MAMP/htdocs/mobilesec/index.php (13)
2013/11/01 04:51:02 [vardump] [index.php] guest
in /Applications/MAMP/htdocs/mobilesec/protected/views/site/index.php (9)
in /Applications/MAMP/htdocs/mobilesec/protected/controllers/SiteController.php (115)
in /Applications/MAMP/htdocs/mobilesec/index.php (13)
2013/11/01 04:51:02 [vardump] [LoginForm] authenticate function start | administrator / administrator.123
in /Applications/MAMP/htdocs/mobilesec/protected/models/LoginForm.php (52)
in /Applications/MAMP/htdocs/mobilesec/protected/controllers/SiteController.php (82)
in /Applications/MAMP/htdocs/mobilesec/index.php (13)
2013/11/01 04:51:02 [vardump] [UserIdentity] authenticate started
in /Applications/MAMP/htdocs/mobilesec/protected/components/UserIdentity.php (42)
in /Applications/MAMP/htdocs/mobilesec/protected/models/LoginForm.php (59)
in /Applications/MAMP/htdocs/mobilesec/protected/controllers/SiteController.php (82)
2013/11/01 04:51:02 [vardump] [UserIdentity] login success
in /Applications/MAMP/htdocs/mobilesec/protected/components/UserIdentity.php (72)
in /Applications/MAMP/htdocs/mobilesec/protected/models/LoginForm.php (59)
in /Applications/MAMP/htdocs/mobilesec/protected/controllers/SiteController.php (82)
2013/11/01 04:51:02 [vardump] [LoginForm] this->_identity->errorCode = 0
in /Applications/MAMP/htdocs/mobilesec/protected/models/LoginForm.php (72)
in /Applications/MAMP/htdocs/mobilesec/protected/controllers/SiteController.php (82)
in /Applications/MAMP/htdocs/mobilesec/index.php (13)
2013/11/01 04:51:02 [vardump] [UserIdentity] authenticate started
in /Applications/MAMP/htdocs/mobilesec/protected/components/UserIdentity.php (42)
in /Applications/MAMP/htdocs/mobilesec/protected/controllers/SiteController.php (87)
in /Applications/MAMP/htdocs/mobilesec/index.php (13)
2013/11/01 04:51:02 [vardump] [UserIdentity] login success
in /Applications/MAMP/htdocs/mobilesec/protected/components/UserIdentity.php (72)
in /Applications/MAMP/htdocs/mobilesec/protected/controllers/SiteController.php (87)
in /Applications/MAMP/htdocs/mobilesec/index.php (13)
2013/11/01 04:51:41 [vardump] [index.php] admin
in /Applications/MAMP/htdocs/mobilesec/protected/views/site/index.php (9)
in /Applications/MAMP/htdocs/mobilesec/protected/controllers/SiteController.php (115)
in /Applications/MAMP/htdocs/mobilesec/index.php (13)
2013/11/01 04:51:42 [vardump] [index.php] admin
in /Applications/MAMP/htdocs/mobilesec/protected/views/site/index.php (9)
in /Applications/MAMP/htdocs/mobilesec/protected/controllers/SiteController.php (115)
in /Applications/MAMP/htdocs/mobilesec/index.php (13)
2013/11/01 04:51:43 [vardump] [index.php] guest
in /Applications/MAMP/htdocs/mobilesec/protected/views/site/index.php (9)
in /Applications/MAMP/htdocs/mobilesec/protected/controllers/SiteController.php (115)
in /Applications/MAMP/htdocs/mobilesec/index.php (13)
2013/11/01 04:51:45 [vardump] [index.php] guest
in /Applications/MAMP/htdocs/mobilesec/protected/views/site/index.php (9)
in /Applications/MAMP/htdocs/mobilesec/protected/controllers/SiteController.php (115)
in /Applications/MAMP/htdocs/mobilesec/index.php (13)
2013/11/01 04:51:46 [vardump] [LoginForm] authenticate function start | administrator / administrator.123
in /Applications/MAMP/htdocs/mobilesec/protected/models/LoginForm.php (52)
in /Applications/MAMP/htdocs/mobilesec/protected/controllers/SiteController.php (82)
in /Applications/MAMP/htdocs/mobilesec/index.php (13)
2013/11/01 04:51:46 [vardump] [UserIdentity] authenticate started
in /Applications/MAMP/htdocs/mobilesec/protected/components/UserIdentity.php (42)
in /Applications/MAMP/htdocs/mobilesec/protected/models/LoginForm.php (59)
in /Applications/MAMP/htdocs/mobilesec/protected/controllers/SiteController.php (82)
2013/11/01 04:51:46 [vardump] [UserIdentity] login success
in /Applications/MAMP/htdocs/mobilesec/protected/components/UserIdentity.php (72)
in /Applications/MAMP/htdocs/mobilesec/protected/models/LoginForm.php (59)
in /Applications/MAMP/htdocs/mobilesec/protected/controllers/SiteController.php (82)
2013/11/01 04:51:46 [vardump] [LoginForm] this->_identity->errorCode = 0
in /Applications/MAMP/htdocs/mobilesec/protected/models/LoginForm.php (72)
in /Applications/MAMP/htdocs/mobilesec/protected/controllers/SiteController.php (82)
in /Applications/MAMP/htdocs/mobilesec/index.php (13)
2013/11/01 04:51:46 [vardump] [UserIdentity] authenticate started
in /Applications/MAMP/htdocs/mobilesec/protected/components/UserIdentity.php (42)
in /Applications/MAMP/htdocs/mobilesec/protected/controllers/SiteController.php (87)
in /Applications/MAMP/htdocs/mobilesec/index.php (13)
2013/11/01 04:51:46 [vardump] [UserIdentity] login success
in /Applications/MAMP/htdocs/mobilesec/protected/components/UserIdentity.php (72)
in /Applications/MAMP/htdocs/mobilesec/protected/controllers/SiteController.php (87)
in /Applications/MAMP/htdocs/mobilesec/index.php (13)
2013/11/01 04:52:46 [vardump] [index.php] admin
in /Applications/MAMP/htdocs/mobilesec/protected/views/site/index.php (9)
in /Applications/MAMP/htdocs/mobilesec/protected/controllers/SiteController.php (115)
in /Applications/MAMP/htdocs/mobilesec/index.php (13)
2013/11/01 04:52:47 [vardump] [index.php] guest
in /Applications/MAMP/htdocs/mobilesec/protected/views/site/index.php (9)
in /Applications/MAMP/htdocs/mobilesec/protected/controllers/SiteController.php (115)
in /Applications/MAMP/htdocs/mobilesec/index.php (13)
2013/11/01 04:52:49 [vardump] [index.php] guest
in /Applications/MAMP/htdocs/mobilesec/protected/views/site/index.php (9)
in /Applications/MAMP/htdocs/mobilesec/protected/controllers/SiteController.php (115)
in /Applications/MAMP/htdocs/mobilesec/index.php (13)
2013/11/01 04:52:50 [vardump] [LoginForm] authenticate function start | administrator / administrator.123
in /Applications/MAMP/htdocs/mobilesec/protected/models/LoginForm.php (52)
in /Applications/MAMP/htdocs/mobilesec/protected/controllers/SiteController.php (82)
in /Applications/MAMP/htdocs/mobilesec/index.php (13)
2013/11/01 04:52:50 [vardump] [UserIdentity] authenticate started
in /Applications/MAMP/htdocs/mobilesec/protected/components/UserIdentity.php (42)
in /Applications/MAMP/htdocs/mobilesec/protected/models/LoginForm.php (59)
in /Applications/MAMP/htdocs/mobilesec/protected/controllers/SiteController.php (82)
2013/11/01 04:52:50 [vardump] [UserIdentity] login success
in /Applications/MAMP/htdocs/mobilesec/protected/components/UserIdentity.php (72)
in /Applications/MAMP/htdocs/mobilesec/protected/models/LoginForm.php (59)
in /Applications/MAMP/htdocs/mobilesec/protected/controllers/SiteController.php (82)
2013/11/01 04:52:50 [vardump] [LoginForm] this->_identity->errorCode = 0
in /Applications/MAMP/htdocs/mobilesec/protected/models/LoginForm.php (72)
in /Applications/MAMP/htdocs/mobilesec/protected/controllers/SiteController.php (82)
in /Applications/MAMP/htdocs/mobilesec/index.php (13)
2013/11/01 04:52:50 [vardump] [UserIdentity] authenticate started
in /Applications/MAMP/htdocs/mobilesec/protected/components/UserIdentity.php (42)
in /Applications/MAMP/htdocs/mobilesec/protected/controllers/SiteController.php (87)
in /Applications/MAMP/htdocs/mobilesec/index.php (13)
2013/11/01 04:52:50 [vardump] [UserIdentity] login success
in /Applications/MAMP/htdocs/mobilesec/protected/components/UserIdentity.php (72)
in /Applications/MAMP/htdocs/mobilesec/protected/controllers/SiteController.php (87)
in /Applications/MAMP/htdocs/mobilesec/index.php (13)
2013/11/01 04:58:30 [vardump] [index.php] guest
in /Applications/MAMP/htdocs/mobilesec/protected/views/site/index.php (9)
in /Applications/MAMP/htdocs/mobilesec/protected/controllers/SiteController.php (115)
in /Applications/MAMP/htdocs/mobilesec/index.php (13)
2013/11/01 04:58:56 [vardump] [index.php] guest
in /Applications/MAMP/htdocs/mobilesec/protected/views/site/index.php (9)
in /Applications/MAMP/htdocs/mobilesec/protected/controllers/SiteController.php (115)
in /Applications/MAMP/htdocs/mobilesec/index.php (13)
2013/11/01 04:58:59 [vardump] [index.php] guest
in /Applications/MAMP/htdocs/mobilesec/protected/views/site/index.php (9)
in /Applications/MAMP/htdocs/mobilesec/protected/controllers/SiteController.php (115)
in /Applications/MAMP/htdocs/mobilesec/index.php (13)
2013/11/01 04:59:13 [vardump] [index.php] guest
in /Applications/MAMP/htdocs/mobilesec/protected/views/site/index.php (9)
in /Applications/MAMP/htdocs/mobilesec/protected/controllers/SiteController.php (115)
in /Applications/MAMP/htdocs/mobilesec/index.php (13)
2013/11/01 04:59:13 [vardump] [LoginForm] authenticate function start | administrator / administrator.123
in /Applications/MAMP/htdocs/mobilesec/protected/models/LoginForm.php (52)
in /Applications/MAMP/htdocs/mobilesec/protected/controllers/SiteController.php (82)
in /Applications/MAMP/htdocs/mobilesec/index.php (13)
2013/11/01 04:59:13 [vardump] [UserIdentity] authenticate started
in /Applications/MAMP/htdocs/mobilesec/protected/components/UserIdentity.php (42)
in /Applications/MAMP/htdocs/mobilesec/protected/models/LoginForm.php (59)
in /Applications/MAMP/htdocs/mobilesec/protected/controllers/SiteController.php (82)
2013/11/01 04:59:13 [vardump] [UserIdentity] login success
in /Applications/MAMP/htdocs/mobilesec/protected/components/UserIdentity.php (72)
in /Applications/MAMP/htdocs/mobilesec/protected/models/LoginForm.php (59)
in /Applications/MAMP/htdocs/mobilesec/protected/controllers/SiteController.php (82)
2013/11/01 04:59:13 [vardump] [LoginForm] this->_identity->errorCode = 0
in /Applications/MAMP/htdocs/mobilesec/protected/models/LoginForm.php (72)
in /Applications/MAMP/htdocs/mobilesec/protected/controllers/SiteController.php (82)
in /Applications/MAMP/htdocs/mobilesec/index.php (13)
2013/11/01 04:59:13 [vardump] [UserIdentity] authenticate started
in /Applications/MAMP/htdocs/mobilesec/protected/components/UserIdentity.php (42)
in /Applications/MAMP/htdocs/mobilesec/protected/controllers/SiteController.php (87)
in /Applications/MAMP/htdocs/mobilesec/index.php (13)
2013/11/01 04:59:13 [vardump] [UserIdentity] login success
in /Applications/MAMP/htdocs/mobilesec/protected/components/UserIdentity.php (72)
in /Applications/MAMP/htdocs/mobilesec/protected/controllers/SiteController.php (87)
in /Applications/MAMP/htdocs/mobilesec/index.php (13)
2013/11/01 06:43:30 [vardump] [index.php] guest
in /Applications/MAMP/htdocs/mobilesec/protected/views/site/index.php (9)
in /Applications/MAMP/htdocs/mobilesec/protected/controllers/SiteController.php (115)
in /Applications/MAMP/htdocs/mobilesec/index.php (13)
2013/11/01 06:43:39 [vardump] [LoginForm] authenticate function start | tandhy.bintang@gmail.com / tandhy
in /Applications/MAMP/htdocs/mobilesec/protected/models/LoginForm.php (52)
in /Applications/MAMP/htdocs/mobilesec/protected/controllers/SiteController.php (82)
in /Applications/MAMP/htdocs/mobilesec/index.php (13)
2013/11/01 06:43:39 [vardump] [UserIdentity] authenticate started
in /Applications/MAMP/htdocs/mobilesec/protected/components/UserIdentity.php (26)
in /Applications/MAMP/htdocs/mobilesec/protected/models/LoginForm.php (59)
in /Applications/MAMP/htdocs/mobilesec/protected/controllers/SiteController.php (82)
2013/11/01 06:43:39 [vardump] [UserIdentity] login success
in /Applications/MAMP/htdocs/mobilesec/protected/components/UserIdentity.php (56)
in /Applications/MAMP/htdocs/mobilesec/protected/models/LoginForm.php (59)
in /Applications/MAMP/htdocs/mobilesec/protected/controllers/SiteController.php (82)
2013/11/01 06:43:39 [vardump] [LoginForm] this->_identity->errorCode = 0
in /Applications/MAMP/htdocs/mobilesec/protected/models/LoginForm.php (72)
in /Applications/MAMP/htdocs/mobilesec/protected/controllers/SiteController.php (82)
in /Applications/MAMP/htdocs/mobilesec/index.php (13)
2013/11/01 06:43:39 [vardump] [UserIdentity] authenticate started
in /Applications/MAMP/htdocs/mobilesec/protected/components/UserIdentity.php (26)
in /Applications/MAMP/htdocs/mobilesec/protected/controllers/SiteController.php (87)
in /Applications/MAMP/htdocs/mobilesec/index.php (13)
2013/11/01 06:43:39 [vardump] [UserIdentity] login success
in /Applications/MAMP/htdocs/mobilesec/protected/components/UserIdentity.php (56)
in /Applications/MAMP/htdocs/mobilesec/protected/controllers/SiteController.php (87)
in /Applications/MAMP/htdocs/mobilesec/index.php (13)
